# JRE version: Java(TM) SE Runtime Environment (8.0_121-b13) (build 1.8.0_121-b13)
# Java VM: Java HotSpot(TM) 64-Bit Server VM (25.121-b13 mixed mode windows-amd64 compressed oops)
Heap:
 PSYoungGen      total 39936K, used 6182K [0x0000000780000000, 0x0000000782e00000, 0x00000007c0000000)
  eden space 32768K, 3% used [0x0000000780000000,0x0000000780138ed0,0x0000000782000000)
  from space 7168K, 68% used [0x0000000782700000,0x0000000782bd0a88,0x0000000782e00000)
  to   space 7168K, 0% used [0x0000000782000000,0x0000000782000000,0x0000000782700000)
 ParOldGen       total 44032K, used 8321K [0x0000000700000000, 0x0000000702b00000, 0x0000000780000000)
  object space 44032K, 18% used [0x0000000700000000,0x0000000700820428,0x0000000702b00000)
 Metaspace       used 18833K, capacity 19294K, committed 19456K, reserved 1067008K
  class space    used 2579K, capacity 2734K, committed 2816K, reserved 1048576K
GC Heap History (10 events):
Event: 2.069 GC heap before
{Heap before GC invocations=2 (full 0):
 PSYoungGen      total 18944K, used 18930K [0x0000000780000000, 0x0000000781500000, 0x00000007c0000000)
  eden space 16384K, 100% used [0x0000000780000000,0x0000000781000000,0x0000000781000000)
  from space 2560K, 99% used [0x0000000781000000,0x000000078127cbb0,0x0000000781280000)
  to   space 2560K, 0% used [0x0000000781280000,0x0000000781280000,0x0000000781500000)
 ParOldGen       total 44032K, used 843K [0x0000000700000000, 0x0000000702b00000, 0x0000000780000000)
  object space 44032K, 1% used [0x0000000700000000,0x00000007000d2f98,0x0000000702b00000)
 Metaspace       used 6346K, capacity 6572K, committed 6784K, reserved 1056768K
  class space    used 812K, capacity 868K, committed 896K, reserved 1048576K
Event: 2.074 GC heap after
Heap after GC invocations=2 (full 0):
 PSYoungGen      total 18944K, used 2409K [0x0000000780000000, 0x0000000781500000, 0x00000007c0000000)
  eden space 16384K, 0% used [0x0000000780000000,0x0000000780000000,0x0000000781000000)
  from space 2560K, 94% used [0x0000000781280000,0x00000007814da420,0x0000000781500000)
  to   space 2560K, 0% used [0x0000000781000000,0x0000000781000000,0x0000000781280000)
 ParOldGen       total 44032K, used 851K [0x0000000700000000, 0x0000000702b00000, 0x0000000780000000)
  object space 44032K, 1% used [0x0000000700000000,0x00000007000d4f98,0x0000000702b00000)
 Metaspace       used 6346K, capacity 6572K, committed 6784K, reserved 1056768K
  class space    used 812K, capacity 868K, committed 896K, reserved 1048576K
}
Event: 4.561 GC heap before
{Heap before GC invocations=3 (full 0):
 PSYoungGen      total 18944K, used 18793K [0x0000000780000000, 0x0000000781500000, 0x00000007c0000000)
  eden space 16384K, 100% used [0x0000000780000000,0x0000000781000000,0x0000000781000000)
  from space 2560K, 94% used [0x0000000781280000,0x00000007814da420,0x0000000781500000)
  to   space 2560K, 0% used [0x0000000781000000,0x0000000781000000,0x0000000781280000)
 ParOldGen       total 44032K, used 851K [0x0000000700000000, 0x0000000702b00000, 0x0000000780000000)
  object space 44032K, 1% used [0x0000000700000000,0x00000007000d4f98,0x0000000702b00000)
 Metaspace       used 10874K, capacity 11224K, committed 11264K, reserved 1058816K
  class space    used 1409K, capacity 1506K, committed 1536K, reserved 1048576K
Event: 4.574 GC heap after
Heap after GC invocations=3 (full 0):
 PSYoungGen      total 18944K, used 2553K [0x0000000780000000, 0x0000000781500000, 0x00000007c0000000)
  eden space 16384K, 0% used [0x0000000780000000,0x0000000780000000,0x0000000781000000)
  from space 2560K, 99% used [0x0000000781000000,0x000000078127e620,0x0000000781280000)
  to   space 2560K, 0% used [0x0000000781280000,0x0000000781280000,0x0000000781500000)
 ParOldGen       total 44032K, used 2607K [0x0000000700000000, 0x0000000702b00000, 0x0000000780000000)
  object space 44032K, 5% used [0x0000000700000000,0x000000070028bd60,0x0000000702b00000)
 Metaspace       used 10874K, capacity 11224K, committed 11264K, reserved 1058816K
  class space    used 1409K, capacity 1506K, committed 1536K, reserved 1048576K
}
Event: 5.727 GC heap before
{Heap before GC invocations=4 (full 0):
 PSYoungGen      total 18944K, used 18937K [0x0000000780000000, 0x0000000781500000, 0x00000007c0000000)
  eden space 16384K, 100% used [0x0000000780000000,0x0000000781000000,0x0000000781000000)
  from space 2560K, 99% used [0x0000000781000000,0x000000078127e620,0x0000000781280000)
  to   space 2560K, 0% used [0x0000000781280000,0x0000000781280000,0x0000000781500000)
 ParOldGen       total 44032K, used 2607K [0x0000000700000000, 0x0000000702b00000, 0x0000000780000000)
  object space 44032K, 5% used [0x0000000700000000,0x000000070028bd60,0x0000000702b00000)
 Metaspace       used 12709K, capacity 13040K, committed 13184K, reserved 1060864K
  class space    used 1731K, capacity 1852K, committed 1920K, reserved 1048576K
Event: 5.764 GC heap after
Heap after GC invocations=4 (full 0):
 PSYoungGen      total 18944K, used 2553K [0x0000000780000000, 0x0000000782500000, 0x00000007c0000000)
  eden space 16384K, 0% used [0x0000000780000000,0x0000000780000000,0x0000000781000000)
  from space 2560K, 99% used [0x0000000781280000,0x00000007814fe620,0x0000000781500000)
  to   space 2560K, 0% used [0x0000000781000000,0x0000000781000000,0x0000000781280000)
 ParOldGen       total 44032K, used 4589K [0x0000000700000000, 0x0000000702b00000, 0x0000000780000000)
  object space 44032K, 10% used [0x0000000700000000,0x000000070047b600,0x0000000702b00000)
 Metaspace       used 12709K, capacity 13040K, committed 13184K, reserved 1060864K
  class space    used 1731K, capacity 1852K, committed 1920K, reserved 1048576K
}
Event: 7.510 GC heap before
{Heap before GC invocations=5 (full 0):
 PSYoungGen      total 18944K, used 18937K [0x0000000780000000, 0x0000000782500000, 0x00000007c0000000)
  eden space 16384K, 100% used [0x0000000780000000,0x0000000781000000,0x0000000781000000)
  from space 2560K, 99% used [0x0000000781280000,0x00000007814fe620,0x0000000781500000)
  to   space 2560K, 0% used [0x0000000781000000,0x0000000781000000,0x0000000781280000)
 ParOldGen       total 44032K, used 4589K [0x0000000700000000, 0x0000000702b00000, 0x0000000780000000)
  object space 44032K, 10% used [0x0000000700000000,0x000000070047b600,0x0000000702b00000)
 Metaspace       used 16750K, capacity 17104K, committed 17280K, reserved 1064960K
  class space    used 2233K, capacity 2332K, committed 2432K, reserved 1048576K
Event: 7.540 GC heap after
Heap after GC invocations=5 (full 0):
 PSYoungGen      total 18944K, used 2553K [0x0000000780000000, 0x0000000782e00000, 0x00000007c0000000)
  eden space 16384K, 0% used [0x0000000780000000,0x0000000780000000,0x0000000781000000)
  from space 2560K, 99% used [0x0000000781000000,0x000000078127e620,0x0000000781280000)
  to   space 7168K, 0% used [0x0000000782700000,0x0000000782700000,0x0000000782e00000)
 ParOldGen       total 44032K, used 8321K [0x0000000700000000, 0x0000000702b00000, 0x0000000780000000)
  object space 44032K, 18% used [0x0000000700000000,0x0000000700820428,0x0000000702b00000)
 Metaspace       used 16750K, capacity 17104K, committed 17280K, reserved 1064960K
  class space    used 2233K, capacity 2332K, committed 2432K, reserved 1048576K
}
Event: 12.761 GC heap before
{Heap before GC invocations=6 (full 0):
 PSYoungGen      total 18944K, used 18937K [0x0000000780000000, 0x0000000782e00000, 0x00000007c0000000)
  eden space 16384K, 100% used [0x0000000780000000,0x0000000781000000,0x0000000781000000)
  from space 2560K, 99% used [0x0000000781000000,0x000000078127e620,0x0000000781280000)
  to   space 7168K, 0% used [0x0000000782700000,0x0000000782700000,0x0000000782e00000)
 ParOldGen       total 44032K, used 8321K [0x0000000700000000, 0x0000000702b00000, 0x0000000780000000)
  object space 44032K, 18% used [0x0000000700000000,0x0000000700820428,0x0000000702b00000)
 Metaspace       used 18746K, capacity 19192K, committed 19456K, reserved 1067008K
  class space    used 2565K, capacity 2700K, committed 2816K, reserved 1048576K
Event: 12.776 GC heap after
Heap after GC invocations=6 (full 0):
 PSYoungGen      total 39936K, used 4930K [0x0000000780000000, 0x0000000782e00000, 0x00000007c0000000)
  eden space 32768K, 0% used [0x0000000780000000,0x0000000780000000,0x0000000782000000)
  from space 7168K, 68% used [0x0000000782700000,0x0000000782bd0a88,0x0000000782e00000)
  to   space 7168K, 0% used [0x0000000782000000,0x0000000782000000,0x0000000782700000)
 ParOldGen       total 44032K, used 8321K [0x0000000700000000, 0x0000000702b00000, 0x0000000780000000)
  object space 44032K, 18% used [0x0000000700000000,0x0000000700820428,0x0000000702b00000)
 Metaspace       used 18746K, capacity 19192K, committed 19456K, reserved 1067008K
  class space    used 2565K, capacity 2700K, committed 2816K, reserved 1048576K
}

